<?xml version="1.0" encoding="UTF-8"?>
<!-- Generated by org.testng.reporters.JUnitXMLReporter -->
<testsuite hostname="rajesh-PC" name="Create" tests="3" failures="0" timestamp="8 May 2016 13:17:37 GMT" time="0.056" errors="0">
  <testcase name="clickCreateLead" time="0.008" classname="testngExamples.CreateLeadN"/>
  <testcase name="clickCreateLead" time="0.001" classname="testngExamples.CreateLeadN"/>
  <testcase name="clickCreateContact" time="0.0" classname="testngExamples.CreateContactN"/>
</testsuite> <!-- Create -->
