<?xml version="1.0" encoding="UTF-8"?>
<!-- Generated by org.testng.reporters.JUnitXMLReporter -->
<testsuite hostname="rajesh-PC" name="Runbothgroups" tests="8" failures="0" timestamp="8 May 2016 07:17:35 GMT" time="0.067" errors="0">
  <testcase name="clickCreateLead" time="0.006" classname="testngExamples.week4Day2"/>
  <testcase name="clickCreateLead" time="0.001" classname="testngExamples.week4Day2"/>
  <testcase name="clickCreateLead" time="0.001" classname="testngExamples.week4Day2"/>
  <testcase name="clickCreateLead" time="0.0" classname="testngExamples.week4Day2"/>
  <testcase name="clickFindLead" time="0.001" classname="testngExamples.week4Day2"/>
  <testcase name="clickFindLead" time="0.001" classname="testngExamples.week4Day2"/>
  <testcase name="clickCreateContact" time="0.0" classname="testngExamples.week4Day2"/>
  <testcase name="clickCreateContact" time="0.0" classname="testngExamples.week4Day2"/>
</testsuite> <!-- Runbothgroups -->
