<?xml version="1.0" encoding="UTF-8"?>
<testng-results skipped="0" failed="0" total="2" passed="2">
  <reporter-output>
  </reporter-output>
  <suite name="Default suite" duration-ms="63492" started-at="2016-05-20T01:22:13Z" finished-at="2016-05-20T01:23:17Z">
    <groups>
    </groups>
    <test name="Default test" duration-ms="63492" started-at="2016-05-20T01:22:13Z" finished-at="2016-05-20T01:23:17Z">
      <class name="week5.LoginDataproviderAndExcel">
        <test-method status="PASS" signature="verifyLogin(java.lang.String, java.lang.String)[pri:0, instance:week5.LoginDataproviderAndExcel@c6a292]" name="verifyLogin" duration-ms="33750" started-at="2016-05-20T06:52:14Z" data-provider="empLogin" finished-at="2016-05-20T06:52:48Z">
          <params>
            <param index="0">
              <value>
                <![CDATA[DemoSalesManager]]>
              </value>
            </param>
            <param index="1">
              <value>
                <![CDATA[crmsfa]]>
              </value>
            </param>
          </params>
          <reporter-output>
          </reporter-output>
        </test-method> <!-- verifyLogin -->
        <test-method status="PASS" signature="verifyLogin(java.lang.String, java.lang.String)[pri:0, instance:week5.LoginDataproviderAndExcel@c6a292]" name="verifyLogin" duration-ms="28860" started-at="2016-05-20T06:52:48Z" data-provider="empLogin" finished-at="2016-05-20T06:53:17Z">
          <params>
            <param index="0">
              <value>
                <![CDATA[DemoCSR]]>
              </value>
            </param>
            <param index="1">
              <value>
                <![CDATA[crmsfa]]>
              </value>
            </param>
          </params>
          <reporter-output>
          </reporter-output>
        </test-method> <!-- verifyLogin -->
      </class> <!-- week5.LoginDataproviderAndExcel -->
    </test> <!-- Default test -->
  </suite> <!-- Default suite -->
</testng-results>
