<?xml version="1.0" encoding="UTF-8"?>
<!-- Generated by org.testng.reporters.JUnitXMLReporter -->
<testsuite hostname="rajesh-PC" name="Contact" tests="3" failures="0" timestamp="13 May 2016 17:48:50 GMT" time="205.754" errors="0">
  <testcase name="createContact" time="39.307" classname="testNGProject.CreateContactTest"/>
  <testcase name="editContact" time="62.365" classname="testNGProject.EditContactTest"/>
  <testcase name="deleteContact" time="45.522" classname="testNGProject.DeleteContactTest"/>
</testsuite> <!-- Contact -->
